This file contains any messages produced by compilers while
running configure, to aid debugging if configure makes a mistake.

It was created by MPIBlib configure 1.2.0, which was
generated by GNU Autoconf 2.69.  Invocation command line was

  $ ./configure 

## --------- ##
## Platform. ##
## --------- ##

hostname = sergiohp
uname -m = x86_64
uname -r = 4.13.0-45-generic
uname -s = Linux
uname -v = #50~16.04.1-Ubuntu SMP Wed May 30 11:18:27 UTC 2018

/usr/bin/uname -p = unknown
/bin/uname -X     = unknown

/bin/arch              = unknown
/usr/bin/arch -k       = unknown
/usr/convex/getsysinfo = unknown
/usr/bin/hostinfo      = unknown
/bin/machine           = unknown
/usr/bin/oslevel       = unknown
/bin/universe          = unknown

PATH: /home/sergio/anaconda2/bin
PATH: /home/sergio/bin
PATH: /home/sergio/.local/bin
PATH: /usr/local/sbin
PATH: /usr/local/bin
PATH: /usr/sbin
PATH: /usr/bin
PATH: /sbin
PATH: /bin
PATH: /usr/games
PATH: /usr/local/games
PATH: /snap/bin


## ----------- ##
## Core tests. ##
## ----------- ##

configure:2395: checking for a BSD-compatible install
configure:2463: result: /usr/bin/install -c
configure:2474: checking whether build environment is sane
configure:2529: result: yes
configure:2680: checking for a thread-safe mkdir -p
configure:2719: result: /bin/mkdir -p
configure:2726: checking for gawk
configure:2756: result: no
configure:2726: checking for mawk
configure:2742: found /usr/bin/mawk
configure:2753: result: mawk
configure:2764: checking whether make sets $(MAKE)
configure:2786: result: yes
configure:2815: checking whether make supports nested variables
configure:2832: result: yes
configure:3013: checking for mpicc
configure:3029: found /usr/bin/mpicc
configure:3040: result: mpicc
configure:3071: checking for C compiler version
configure:3080: mpicc --version >&5
gcc (Ubuntu 7.2.0-1ubuntu1~16.04) 7.2.0
Copyright (C) 2017 Free Software Foundation, Inc.
This is free software; see the source for copying conditions.  There is NO
warranty; not even for MERCHANTABILITY or FITNESS FOR A PARTICULAR PURPOSE.

configure:3091: $? = 0
configure:3080: mpicc -v >&5
Using built-in specs.
COLLECT_GCC=/usr/bin/gcc
COLLECT_LTO_WRAPPER=/usr/lib/gcc/x86_64-linux-gnu/7/lto-wrapper
OFFLOAD_TARGET_NAMES=nvptx-none
OFFLOAD_TARGET_DEFAULT=1
Target: x86_64-linux-gnu
Configured with: ../src/configure -v --with-pkgversion='Ubuntu 7.2.0-1ubuntu1~16.04' --with-bugurl=file:///usr/share/doc/gcc-7/README.Bugs --enable-languages=c,ada,c++,go,brig,d,fortran,objc,obj-c++ --prefix=/usr --with-gcc-major-version-only --program-suffix=-7 --program-prefix=x86_64-linux-gnu- --enable-shared --enable-linker-build-id --libexecdir=/usr/lib --without-included-gettext --enable-threads=posix --libdir=/usr/lib --enable-nls --with-sysroot=/ --enable-clocale=gnu --enable-libstdcxx-debug --enable-libstdcxx-time=yes --with-default-libstdcxx-abi=new --enable-gnu-unique-object --disable-vtable-verify --enable-libmpx --enable-plugin --with-system-zlib --with-target-system-zlib --enable-objc-gc=auto --enable-multiarch --disable-werror --with-arch-32=i686 --with-abi=m64 --with-multilib-list=m32,m64,mx32 --enable-multilib --with-tune=generic --enable-offload-targets=nvptx-none --without-cuda-driver --enable-checking=release --build=x86_64-linux-gnu --host=x86_64-linux-gnu --target=x86_64-linux-gnu
Thread model: posix
gcc version 7.2.0 (Ubuntu 7.2.0-1ubuntu1~16.04) 
configure:3091: $? = 0
configure:3080: mpicc -V >&5
gcc: error: unrecognized command line option '-V'
gcc: fatal error: no input files
compilation terminated.
configure:3091: $? = 1
configure:3080: mpicc -qversion >&5
gcc: error: unrecognized command line option '-qversion'; did you mean '--version'?
gcc: fatal error: no input files
compilation terminated.
configure:3091: $? = 1
configure:3111: checking whether the C compiler works
configure:3133: mpicc    conftest.c  >&5
configure:3137: $? = 0
configure:3185: result: yes
configure:3188: checking for C compiler default output file name
configure:3190: result: a.out
configure:3196: checking for suffix of executables
configure:3203: mpicc -o conftest    conftest.c  >&5
configure:3207: $? = 0
configure:3229: result: 
configure:3251: checking whether we are cross compiling
configure:3259: mpicc -o conftest    conftest.c  >&5
configure:3263: $? = 0
configure:3270: ./conftest
configure:3274: $? = 0
configure:3289: result: no
configure:3294: checking for suffix of object files
configure:3316: mpicc -c   conftest.c >&5
configure:3320: $? = 0
configure:3341: result: o
configure:3345: checking whether we are using the GNU C compiler
configure:3364: mpicc -c   conftest.c >&5
configure:3364: $? = 0
configure:3373: result: yes
configure:3382: checking whether mpicc accepts -g
configure:3402: mpicc -c -g  conftest.c >&5
configure:3402: $? = 0
configure:3443: result: yes
configure:3460: checking for mpicc option to accept ISO C89
configure:3523: mpicc  -c -g -O2  conftest.c >&5
configure:3523: $? = 0
configure:3536: result: none needed
configure:3561: checking whether mpicc understands -c and -o together
configure:3583: mpicc -c conftest.c -o conftest2.o
configure:3586: $? = 0
configure:3583: mpicc -c conftest.c -o conftest2.o
configure:3586: $? = 0
configure:3598: result: yes
configure:3626: checking for style of include used by make
configure:3654: result: GNU
configure:3680: checking dependency style of mpicc
configure:3791: result: gcc3
configure:3864: checking for mpic++
configure:3880: found /usr/bin/mpic++
configure:3891: result: mpic++
configure:3918: checking for C++ compiler version
configure:3927: mpic++ --version >&5
g++ (Ubuntu 7.2.0-1ubuntu1~16.04) 7.2.0
Copyright (C) 2017 Free Software Foundation, Inc.
This is free software; see the source for copying conditions.  There is NO
warranty; not even for MERCHANTABILITY or FITNESS FOR A PARTICULAR PURPOSE.

configure:3938: $? = 0
configure:3927: mpic++ -v >&5
Using built-in specs.
COLLECT_GCC=/usr/bin/g++
COLLECT_LTO_WRAPPER=/usr/lib/gcc/x86_64-linux-gnu/7/lto-wrapper
OFFLOAD_TARGET_NAMES=nvptx-none
OFFLOAD_TARGET_DEFAULT=1
Target: x86_64-linux-gnu
Configured with: ../src/configure -v --with-pkgversion='Ubuntu 7.2.0-1ubuntu1~16.04' --with-bugurl=file:///usr/share/doc/gcc-7/README.Bugs --enable-languages=c,ada,c++,go,brig,d,fortran,objc,obj-c++ --prefix=/usr --with-gcc-major-version-only --program-suffix=-7 --program-prefix=x86_64-linux-gnu- --enable-shared --enable-linker-build-id --libexecdir=/usr/lib --without-included-gettext --enable-threads=posix --libdir=/usr/lib --enable-nls --with-sysroot=/ --enable-clocale=gnu --enable-libstdcxx-debug --enable-libstdcxx-time=yes --with-default-libstdcxx-abi=new --enable-gnu-unique-object --disable-vtable-verify --enable-libmpx --enable-plugin --with-system-zlib --with-target-system-zlib --enable-objc-gc=auto --enable-multiarch --disable-werror --with-arch-32=i686 --with-abi=m64 --with-multilib-list=m32,m64,mx32 --enable-multilib --with-tune=generic --enable-offload-targets=nvptx-none --without-cuda-driver --enable-checking=release --build=x86_64-linux-gnu --host=x86_64-linux-gnu --target=x86_64-linux-gnu
Thread model: posix
gcc version 7.2.0 (Ubuntu 7.2.0-1ubuntu1~16.04) 
configure:3938: $? = 0
configure:3927: mpic++ -V >&5
g++: error: unrecognized command line option '-V'
g++: fatal error: no input files
compilation terminated.
configure:3938: $? = 1
configure:3927: mpic++ -qversion >&5
g++: error: unrecognized command line option '-qversion'; did you mean '--version'?
g++: fatal error: no input files
compilation terminated.
configure:3938: $? = 1
configure:3942: checking whether we are using the GNU C++ compiler
configure:3961: mpic++ -c   conftest.cpp >&5
configure:3961: $? = 0
configure:3970: result: yes
configure:3979: checking whether mpic++ accepts -g
configure:3999: mpic++ -c -g  conftest.cpp >&5
configure:3999: $? = 0
configure:4040: result: yes
configure:4065: checking dependency style of mpic++
configure:4176: result: gcc3
configure:4196: checking whether mpic++ understands -c and -o together
configure:4220: mpic++ -g -O2 -c conftest.cpp -o conftest2.o >&5
configure:4224: $? = 0
configure:4231: mpic++ -g -O2 -c conftest.cpp -o conftest2.o >&5
configure:4235: $? = 0
configure:4243: result: yes
configure:4286: checking build system type
configure:4300: result: x86_64-unknown-linux-gnu
configure:4320: checking host system type
configure:4333: result: x86_64-unknown-linux-gnu
configure:4374: checking how to print strings
configure:4401: result: printf
configure:4422: checking for a sed that does not truncate output
configure:4486: result: /bin/sed
configure:4504: checking for grep that handles long lines and -e
configure:4562: result: /bin/grep
configure:4567: checking for egrep
configure:4629: result: /bin/grep -E
configure:4634: checking for fgrep
configure:4696: result: /bin/grep -F
configure:4731: checking for ld used by mpicc
configure:4798: result: /usr/bin/ld
configure:4805: checking if the linker (/usr/bin/ld) is GNU ld
configure:4820: result: yes
configure:4832: checking for BSD- or MS-compatible name lister (nm)
configure:4886: result: /usr/bin/nm -B
configure:5016: checking the name lister (/usr/bin/nm -B) interface
configure:5023: mpicc -c -g -O2  conftest.c >&5
configure:5026: /usr/bin/nm -B "conftest.o"
configure:5029: output
0000000000000000 B some_variable
configure:5036: result: BSD nm
configure:5039: checking whether ln -s works
configure:5043: result: yes
configure:5051: checking the maximum length of command line arguments
configure:5182: result: 1572864
configure:5230: checking how to convert x86_64-unknown-linux-gnu file names to x86_64-unknown-linux-gnu format
configure:5270: result: func_convert_file_noop
configure:5277: checking how to convert x86_64-unknown-linux-gnu file names to toolchain format
configure:5297: result: func_convert_file_noop
configure:5304: checking for /usr/bin/ld option to reload object files
configure:5311: result: -r
configure:5385: checking for objdump
configure:5401: found /usr/bin/objdump
configure:5412: result: objdump
configure:5444: checking how to recognize dependent libraries
configure:5644: result: pass_all
configure:5729: checking for dlltool
configure:5759: result: no
configure:5789: checking how to associate runtime and link libraries
configure:5816: result: printf %s\n
configure:5877: checking for ar
configure:5893: found /usr/bin/ar
configure:5904: result: ar
configure:5941: checking for archiver @FILE support
configure:5958: mpicc -c -g -O2  conftest.c >&5
configure:5958: $? = 0
configure:5961: ar cru libconftest.a @conftest.lst >&5
ar: `u' modifier ignored since `D' is the default (see `U')
configure:5964: $? = 0
configure:5969: ar cru libconftest.a @conftest.lst >&5
ar: `u' modifier ignored since `D' is the default (see `U')
ar: conftest.o: No such file or directory
configure:5972: $? = 1
configure:5984: result: @
configure:6042: checking for strip
configure:6058: found /usr/bin/strip
configure:6069: result: strip
configure:6141: checking for ranlib
configure:6157: found /usr/bin/ranlib
configure:6168: result: ranlib
configure:6270: checking command to parse /usr/bin/nm -B output from mpicc object
configure:6423: mpicc -c -g -O2  conftest.c >&5
configure:6426: $? = 0
configure:6430: /usr/bin/nm -B conftest.o \| sed -n -e 's/^.*[ ]\([ABCDGIRSTW][ABCDGIRSTW]*\)[ ][ ]*\([_A-Za-z][_A-Za-z0-9]*\)$/\1 \2 \2/p' | sed '/ __gnu_lto/d' \> conftest.nm
configure:6433: $? = 0
configure:6499: mpicc -o conftest -g -O2   conftest.c conftstm.o >&5
configure:6502: $? = 0
configure:6540: result: ok
configure:6587: checking for sysroot
configure:6617: result: no
configure:6624: checking for a working dd
configure:6662: result: /bin/dd
configure:6666: checking how to truncate binary pipes
configure:6681: result: /bin/dd bs=4096 count=1
configure:6817: mpicc -c -g -O2  conftest.c >&5
configure:6820: $? = 0
configure:7010: checking for mt
configure:7026: found /bin/mt
configure:7037: result: mt
configure:7060: checking if mt is a manifest tool
configure:7066: mt '-?'
configure:7074: result: no
configure:7751: checking how to run the C preprocessor
configure:7782: mpicc -E  conftest.c
configure:7782: $? = 0
configure:7796: mpicc -E  conftest.c
conftest.c:11:10: fatal error: ac_nonexistent.h: No such file or directory
 #include <ac_nonexistent.h>
          ^~~~~~~~~~~~~~~~~~
compilation terminated.
configure:7796: $? = 1
configure: failed program was:
| /* confdefs.h */
| #define PACKAGE_NAME "MPIBlib"
| #define PACKAGE_TARNAME "mpiblib"
| #define PACKAGE_VERSION "1.2.0"
| #define PACKAGE_STRING "MPIBlib 1.2.0"
| #define PACKAGE_BUGREPORT "http://hcl.ucd.ie/project/MPIBlib"
| #define PACKAGE_URL ""
| #define PACKAGE "mpiblib"
| #define VERSION "1.2.0"
| /* end confdefs.h.  */
| #include <ac_nonexistent.h>
configure:7821: result: mpicc -E
configure:7841: mpicc -E  conftest.c
configure:7841: $? = 0
configure:7855: mpicc -E  conftest.c
conftest.c:11:10: fatal error: ac_nonexistent.h: No such file or directory
 #include <ac_nonexistent.h>
          ^~~~~~~~~~~~~~~~~~
compilation terminated.
configure:7855: $? = 1
configure: failed program was:
| /* confdefs.h */
| #define PACKAGE_NAME "MPIBlib"
| #define PACKAGE_TARNAME "mpiblib"
| #define PACKAGE_VERSION "1.2.0"
| #define PACKAGE_STRING "MPIBlib 1.2.0"
| #define PACKAGE_BUGREPORT "http://hcl.ucd.ie/project/MPIBlib"
| #define PACKAGE_URL ""
| #define PACKAGE "mpiblib"
| #define VERSION "1.2.0"
| /* end confdefs.h.  */
| #include <ac_nonexistent.h>
configure:7884: checking for ANSI C header files
configure:7904: mpicc -c -g -O2  conftest.c >&5
configure:7904: $? = 0
configure:7977: mpicc -o conftest -g -O2   conftest.c  >&5
configure:7977: $? = 0
configure:7977: ./conftest
configure:7977: $? = 0
configure:7988: result: yes
configure:8001: checking for sys/types.h
configure:8001: mpicc -c -g -O2  conftest.c >&5
configure:8001: $? = 0
configure:8001: result: yes
configure:8001: checking for sys/stat.h
configure:8001: mpicc -c -g -O2  conftest.c >&5
configure:8001: $? = 0
configure:8001: result: yes
configure:8001: checking for stdlib.h
configure:8001: mpicc -c -g -O2  conftest.c >&5
configure:8001: $? = 0
configure:8001: result: yes
configure:8001: checking for string.h
configure:8001: mpicc -c -g -O2  conftest.c >&5
configure:8001: $? = 0
configure:8001: result: yes
configure:8001: checking for memory.h
configure:8001: mpicc -c -g -O2  conftest.c >&5
configure:8001: $? = 0
configure:8001: result: yes
configure:8001: checking for strings.h
configure:8001: mpicc -c -g -O2  conftest.c >&5
configure:8001: $? = 0
configure:8001: result: yes
configure:8001: checking for inttypes.h
configure:8001: mpicc -c -g -O2  conftest.c >&5
configure:8001: $? = 0
configure:8001: result: yes
configure:8001: checking for stdint.h
configure:8001: mpicc -c -g -O2  conftest.c >&5
configure:8001: $? = 0
configure:8001: result: yes
configure:8001: checking for unistd.h
configure:8001: mpicc -c -g -O2  conftest.c >&5
configure:8001: $? = 0
configure:8001: result: yes
configure:8015: checking for dlfcn.h
configure:8015: mpicc -c -g -O2  conftest.c >&5
configure:8015: $? = 0
configure:8015: result: yes
configure:8282: checking for objdir
configure:8297: result: .libs
configure:8557: checking if mpicc supports -fno-rtti -fno-exceptions
configure:8575: mpicc -c -g -O2  -fno-rtti -fno-exceptions conftest.c >&5
cc1: warning: command line option '-fno-rtti' is valid for C++/ObjC++ but not for C
configure:8579: $? = 0
configure:8592: result: no
configure:8950: checking for mpicc option to produce PIC
configure:8957: result: -fPIC -DPIC
configure:8965: checking if mpicc PIC flag -fPIC -DPIC works
configure:8983: mpicc -c -g -O2  -fPIC -DPIC -DPIC conftest.c >&5
configure:8987: $? = 0
configure:9000: result: yes
configure:9029: checking if mpicc static flag -static works
configure:9057: result: no
configure:9072: checking if mpicc supports -c -o file.o
configure:9093: mpicc -c -g -O2  -o out/conftest2.o conftest.c >&5
configure:9097: $? = 0
configure:9119: result: yes
configure:9127: checking if mpicc supports -c -o file.o
configure:9174: result: yes
configure:9207: checking whether the mpicc linker (/usr/bin/ld -m elf_x86_64) supports shared libraries
configure:10470: result: yes
configure:10507: checking whether -lc should be explicitly linked in
configure:10515: mpicc -c -g -O2  conftest.c >&5
configure:10518: $? = 0
configure:10533: mpicc -shared  -fPIC -DPIC conftest.o  -v -Wl,-soname -Wl,conftest -o conftest 2\>\&1 \| /bin/grep  -lc  \>/dev/null 2\>\&1
configure:10536: $? = 0
configure:10550: result: no
configure:10710: checking dynamic linker characteristics
configure:11291: mpicc -o conftest -g -O2   -Wl,-rpath -Wl,/foo conftest.c  >&5
configure:11291: $? = 0
configure:11540: result: GNU/Linux ld.so
configure:11662: checking how to hardcode library paths into programs
configure:11687: result: immediate
configure:12235: checking whether stripping libraries is possible
configure:12240: result: yes
configure:12275: checking if libtool supports shared libraries
configure:12277: result: yes
configure:12280: checking whether to build shared libraries
configure:12305: result: yes
configure:12308: checking whether to build static libraries
configure:12312: result: yes
configure:12335: checking how to run the C++ preprocessor
configure:12362: mpic++ -E  conftest.cpp
configure:12362: $? = 0
configure:12376: mpic++ -E  conftest.cpp
conftest.cpp:23:10: fatal error: ac_nonexistent.h: No such file or directory
 #include <ac_nonexistent.h>
          ^~~~~~~~~~~~~~~~~~
compilation terminated.
configure:12376: $? = 1
configure: failed program was:
| /* confdefs.h */
| #define PACKAGE_NAME "MPIBlib"
| #define PACKAGE_TARNAME "mpiblib"
| #define PACKAGE_VERSION "1.2.0"
| #define PACKAGE_STRING "MPIBlib 1.2.0"
| #define PACKAGE_BUGREPORT "http://hcl.ucd.ie/project/MPIBlib"
| #define PACKAGE_URL ""
| #define PACKAGE "mpiblib"
| #define VERSION "1.2.0"
| #define STDC_HEADERS 1
| #define HAVE_SYS_TYPES_H 1
| #define HAVE_SYS_STAT_H 1
| #define HAVE_STDLIB_H 1
| #define HAVE_STRING_H 1
| #define HAVE_MEMORY_H 1
| #define HAVE_STRINGS_H 1
| #define HAVE_INTTYPES_H 1
| #define HAVE_STDINT_H 1
| #define HAVE_UNISTD_H 1
| #define HAVE_DLFCN_H 1
| #define LT_OBJDIR ".libs/"
| /* end confdefs.h.  */
| #include <ac_nonexistent.h>
configure:12401: result: mpic++ -E
configure:12421: mpic++ -E  conftest.cpp
configure:12421: $? = 0
configure:12435: mpic++ -E  conftest.cpp
conftest.cpp:23:10: fatal error: ac_nonexistent.h: No such file or directory
 #include <ac_nonexistent.h>
          ^~~~~~~~~~~~~~~~~~
compilation terminated.
configure:12435: $? = 1
configure: failed program was:
| /* confdefs.h */
| #define PACKAGE_NAME "MPIBlib"
| #define PACKAGE_TARNAME "mpiblib"
| #define PACKAGE_VERSION "1.2.0"
| #define PACKAGE_STRING "MPIBlib 1.2.0"
| #define PACKAGE_BUGREPORT "http://hcl.ucd.ie/project/MPIBlib"
| #define PACKAGE_URL ""
| #define PACKAGE "mpiblib"
| #define VERSION "1.2.0"
| #define STDC_HEADERS 1
| #define HAVE_SYS_TYPES_H 1
| #define HAVE_SYS_STAT_H 1
| #define HAVE_STDLIB_H 1
| #define HAVE_STRING_H 1
| #define HAVE_MEMORY_H 1
| #define HAVE_STRINGS_H 1
| #define HAVE_INTTYPES_H 1
| #define HAVE_STDINT_H 1
| #define HAVE_UNISTD_H 1
| #define HAVE_DLFCN_H 1
| #define LT_OBJDIR ".libs/"
| /* end confdefs.h.  */
| #include <ac_nonexistent.h>
configure:12597: checking for ld used by mpic++
configure:12664: result: /usr/bin/ld -m elf_x86_64
configure:12671: checking if the linker (/usr/bin/ld -m elf_x86_64) is GNU ld
configure:12686: result: yes
configure:12741: checking whether the mpic++ linker (/usr/bin/ld -m elf_x86_64) supports shared libraries
configure:13814: result: yes
configure:13850: mpic++ -c -g -O2  conftest.cpp >&5
configure:13853: $? = 0
configure:14334: checking for mpic++ option to produce PIC
configure:14341: result: -fPIC -DPIC
configure:14349: checking if mpic++ PIC flag -fPIC -DPIC works
configure:14367: mpic++ -c -g -O2  -fPIC -DPIC -DPIC conftest.cpp >&5
configure:14371: $? = 0
configure:14384: result: yes
configure:14407: checking if mpic++ static flag -static works
configure:14435: result: no
configure:14447: checking if mpic++ supports -c -o file.o
configure:14468: mpic++ -c -g -O2  -o out/conftest2.o conftest.cpp >&5
configure:14472: $? = 0
configure:14494: result: yes
configure:14499: checking if mpic++ supports -c -o file.o
configure:14546: result: yes
configure:14576: checking whether the mpic++ linker (/usr/bin/ld -m elf_x86_64) supports shared libraries
configure:14619: result: yes
configure:14760: checking dynamic linker characteristics
configure:15517: result: GNU/Linux ld.so
configure:15582: checking how to hardcode library paths into programs
configure:15607: result: immediate
configure:15670: checking whether debug is enabled
configure:15686: result: no
configure:15689: checking for main in -lm
configure:15708: mpicc -o conftest -g -O2   conftest.c -lm   >&5
configure:15708: $? = 0
configure:15717: result: yes
configure:15728: checking for main in -ldl
configure:15747: mpicc -o conftest -g -O2   conftest.c -ldl  -lm  >&5
configure:15747: $? = 0
configure:15756: result: yes
configure:15781: checking for main in -lgslcblas
configure:15800: mpicc -o conftest -g -O2   conftest.c -lgslcblas  -ldl -lm  >&5
configure:15800: $? = 0
configure:15809: result: yes
configure:15820: checking for main in -lgsl
configure:15839: mpicc -o conftest -g -O2   conftest.c -lgsl  -lgslcblas -ldl -lm  >&5
configure:15839: $? = 0
configure:15848: result: yes
configure:15872: checking for main in -lboost_graph
configure:15891: mpicc -o conftest -g -O2   conftest.c -lboost_graph  -lgsl -lgslcblas -ldl -lm  >&5
configure:15891: $? = 0
configure:15900: result: yes
configure:16017: checking for doxygen
configure:16050: result: no
configure:16070: WARNING: doxygen not found - will not generate any doxygen documentation
configure:16123: checking for perl
configure:16141: found /usr/bin/perl
configure:16153: result: /usr/bin/perl
configure:18055: checking that generated files are newer than configure
configure:18061: result: done
configure:18176: creating ./config.status

## ---------------------- ##
## Running config.status. ##
## ---------------------- ##

This file was extended by MPIBlib config.status 1.2.0, which was
generated by GNU Autoconf 2.69.  Invocation command line was

  CONFIG_FILES    = 
  CONFIG_HEADERS  = 
  CONFIG_LINKS    = 
  CONFIG_COMMANDS = 
  $ ./config.status 

on sergiohp

config.status:1206: creating Makefile
config.status:1206: creating p2p/Makefile
config.status:1206: creating collectives/Makefile
config.status:1206: creating benchmarks/Makefile
config.status:1206: creating tools/Makefile
config.status:1206: creating tests/Makefile
config.status:1206: creating config.h
config.status:1435: executing depfiles commands
config.status:1435: executing libtool commands

## ---------------- ##
## Cache variables. ##
## ---------------- ##

ac_cv_build=x86_64-unknown-linux-gnu
ac_cv_c_compiler_gnu=yes
ac_cv_cxx_compiler_gnu=yes
ac_cv_env_CCC_set=
ac_cv_env_CCC_value=
ac_cv_env_CC_set=
ac_cv_env_CC_value=
ac_cv_env_CFLAGS_set=
ac_cv_env_CFLAGS_value=
ac_cv_env_CPPFLAGS_set=
ac_cv_env_CPPFLAGS_value=
ac_cv_env_CPP_set=
ac_cv_env_CPP_value=
ac_cv_env_CXXCPP_set=
ac_cv_env_CXXCPP_value=
ac_cv_env_CXXFLAGS_set=
ac_cv_env_CXXFLAGS_value=
ac_cv_env_CXX_set=
ac_cv_env_CXX_value=
ac_cv_env_DOXYGEN_PAPER_SIZE_set=
ac_cv_env_DOXYGEN_PAPER_SIZE_value=
ac_cv_env_LDFLAGS_set=
ac_cv_env_LDFLAGS_value=
ac_cv_env_LIBS_set=
ac_cv_env_LIBS_value=
ac_cv_env_LT_SYS_LIBRARY_PATH_set=
ac_cv_env_LT_SYS_LIBRARY_PATH_value=
ac_cv_env_build_alias_set=
ac_cv_env_build_alias_value=
ac_cv_env_host_alias_set=
ac_cv_env_host_alias_value=
ac_cv_env_target_alias_set=
ac_cv_env_target_alias_value=
ac_cv_header_dlfcn_h=yes
ac_cv_header_inttypes_h=yes
ac_cv_header_memory_h=yes
ac_cv_header_stdc=yes
ac_cv_header_stdint_h=yes
ac_cv_header_stdlib_h=yes
ac_cv_header_string_h=yes
ac_cv_header_strings_h=yes
ac_cv_header_sys_stat_h=yes
ac_cv_header_sys_types_h=yes
ac_cv_header_unistd_h=yes
ac_cv_host=x86_64-unknown-linux-gnu
ac_cv_lib_boost_graph_main=yes
ac_cv_lib_dl_main=yes
ac_cv_lib_gsl_main=yes
ac_cv_lib_gslcblas_main=yes
ac_cv_lib_m_main=yes
ac_cv_objext=o
ac_cv_path_EGREP='/bin/grep -E'
ac_cv_path_FGREP='/bin/grep -F'
ac_cv_path_GREP=/bin/grep
ac_cv_path_SED=/bin/sed
ac_cv_path_ac_pt_DX_PERL=/usr/bin/perl
ac_cv_path_install='/usr/bin/install -c'
ac_cv_path_lt_DD=/bin/dd
ac_cv_path_mkdir=/bin/mkdir
ac_cv_prog_AWK=mawk
ac_cv_prog_CPP='mpicc -E'
ac_cv_prog_CXXCPP='mpic++ -E'
ac_cv_prog_ac_ct_AR=ar
ac_cv_prog_ac_ct_CC=mpicc
ac_cv_prog_ac_ct_CXX=mpic++
ac_cv_prog_ac_ct_MANIFEST_TOOL=mt
ac_cv_prog_ac_ct_OBJDUMP=objdump
ac_cv_prog_ac_ct_RANLIB=ranlib
ac_cv_prog_ac_ct_STRIP=strip
ac_cv_prog_cc_c89=
ac_cv_prog_cc_g=yes
ac_cv_prog_cxx_c_o=yes
ac_cv_prog_cxx_g=yes
ac_cv_prog_make_make_set=yes
am_cv_CC_dependencies_compiler_type=gcc3
am_cv_CXX_dependencies_compiler_type=gcc3
am_cv_make_support_nested_variables=yes
am_cv_prog_cc_c_o=yes
lt_cv_ar_at_file=@
lt_cv_archive_cmds_need_lc=no
lt_cv_deplibs_check_method=pass_all
lt_cv_file_magic_cmd='$MAGIC_CMD'
lt_cv_file_magic_test_file=
lt_cv_ld_reload_flag=-r
lt_cv_nm_interface='BSD nm'
lt_cv_objdir=.libs
lt_cv_path_LD=/usr/bin/ld
lt_cv_path_LDCXX='/usr/bin/ld -m elf_x86_64'
lt_cv_path_NM='/usr/bin/nm -B'
lt_cv_path_mainfest_tool=no
lt_cv_prog_compiler_c_o=yes
lt_cv_prog_compiler_c_o_CXX=yes
lt_cv_prog_compiler_pic='-fPIC -DPIC'
lt_cv_prog_compiler_pic_CXX='-fPIC -DPIC'
lt_cv_prog_compiler_pic_works=yes
lt_cv_prog_compiler_pic_works_CXX=yes
lt_cv_prog_compiler_rtti_exceptions=no
lt_cv_prog_compiler_static_works=no
lt_cv_prog_compiler_static_works_CXX=no
lt_cv_prog_gnu_ld=yes
lt_cv_prog_gnu_ldcxx=yes
lt_cv_sharedlib_from_linklib_cmd='printf %s\n'
lt_cv_shlibpath_overrides_runpath=yes
lt_cv_sys_global_symbol_pipe='sed -n -e '\''s/^.*[	 ]\([ABCDGIRSTW][ABCDGIRSTW]*\)[	 ][	 ]*\([_A-Za-z][_A-Za-z0-9]*\)$/\1 \2 \2/p'\'' | sed '\''/ __gnu_lto/d'\'''
lt_cv_sys_global_symbol_to_c_name_address='sed -n -e '\''s/^: \(.*\) .*$/  {"\1", (void *) 0},/p'\'' -e '\''s/^[ABCDGIRSTW][ABCDGIRSTW]* .* \(.*\)$/  {"\1", (void *) \&\1},/p'\'''
lt_cv_sys_global_symbol_to_c_name_address_lib_prefix='sed -n -e '\''s/^: \(.*\) .*$/  {"\1", (void *) 0},/p'\'' -e '\''s/^[ABCDGIRSTW][ABCDGIRSTW]* .* \(lib.*\)$/  {"\1", (void *) \&\1},/p'\'' -e '\''s/^[ABCDGIRSTW][ABCDGIRSTW]* .* \(.*\)$/  {"lib\1", (void *) \&\1},/p'\'''
lt_cv_sys_global_symbol_to_cdecl='sed -n -e '\''s/^T .* \(.*\)$/extern int \1();/p'\'' -e '\''s/^[ABCDGIRSTW][ABCDGIRSTW]* .* \(.*\)$/extern char \1;/p'\'''
lt_cv_sys_global_symbol_to_import=
lt_cv_sys_max_cmd_len=1572864
lt_cv_to_host_file_cmd=func_convert_file_noop
lt_cv_to_tool_file_cmd=func_convert_file_noop
lt_cv_truncate_bin='/bin/dd bs=4096 count=1'

## ----------------- ##
## Output variables. ##
## ----------------- ##

ACLOCAL='${SHELL} /home/sergio/params_sergio/mpiblib-1.2.0/build-aux/missing aclocal-1.15'
AMDEPBACKSLASH='\'
AMDEP_FALSE='#'
AMDEP_TRUE=''
AMTAR='$${TAR-tar}'
AM_BACKSLASH='\'
AM_DEFAULT_V='$(AM_DEFAULT_VERBOSITY)'
AM_DEFAULT_VERBOSITY='1'
AM_V='$(V)'
AR='ar'
AUTOCONF='${SHELL} /home/sergio/params_sergio/mpiblib-1.2.0/build-aux/missing autoconf'
AUTOHEADER='${SHELL} /home/sergio/params_sergio/mpiblib-1.2.0/build-aux/missing autoheader'
AUTOMAKE='${SHELL} /home/sergio/params_sergio/mpiblib-1.2.0/build-aux/missing automake-1.15'
AWK='mawk'
CC='mpicc'
CCDEPMODE='depmode=gcc3'
CFLAGS='-g -O2'
CPP='mpicc -E'
CPPFLAGS=''
CXX='mpic++'
CXXCPP='mpic++ -E'
CXXDEPMODE='depmode=gcc3'
CXXFLAGS='-g -O2'
CYGPATH_W='echo'
DEFS='-DHAVE_CONFIG_H'
DEPDIR='.deps'
DLLTOOL='false'
DOXYGEN_PAPER_SIZE=''
DSYMUTIL=''
DUMPBIN=''
DX_BIBTEX=''
DX_COND_chi_FALSE=''
DX_COND_chi_TRUE='#'
DX_COND_chm_FALSE=''
DX_COND_chm_TRUE='#'
DX_COND_doc_FALSE=''
DX_COND_doc_TRUE='#'
DX_COND_dot_FALSE=''
DX_COND_dot_TRUE='#'
DX_COND_html_FALSE=''
DX_COND_html_TRUE='#'
DX_COND_latex_FALSE=''
DX_COND_latex_TRUE='#'
DX_COND_man_FALSE=''
DX_COND_man_TRUE='#'
DX_COND_pdf_FALSE=''
DX_COND_pdf_TRUE='#'
DX_COND_ps_FALSE=''
DX_COND_ps_TRUE='#'
DX_COND_rtf_FALSE=''
DX_COND_rtf_TRUE='#'
DX_COND_xml_FALSE=''
DX_COND_xml_TRUE='#'
DX_CONFIG='Doxyfile'
DX_DOCDIR='doxygen-doc'
DX_DOT=''
DX_DOXYGEN=''
DX_DVIPS=''
DX_EGREP=''
DX_ENV=' SRCDIR='\''.'\'' PROJECT='\''MPIBlib'\'' DOCDIR='\''doxygen-doc'\'' VERSION='\''1.2.0'\'' HAVE_DOT='\''NO'\'' GENERATE_MAN='\''NO'\'' GENERATE_RTF='\''NO'\'' GENERATE_XML='\''NO'\'' GENERATE_HTMLHELP='\''NO'\'' GENERATE_CHI='\''NO'\'' GENERATE_HTML='\''NO'\'' GENERATE_LATEX='\''NO'\'' SVN_REVISION='\''Directorio  no versionado'\'' PREDEFINED='\''HAVE_LIBBOOST_GRAPH'\'''
DX_FLAG_chi='0'
DX_FLAG_chm='0'
DX_FLAG_doc='0'
DX_FLAG_dot='0'
DX_FLAG_html='0'
DX_FLAG_man='0'
DX_FLAG_pdf='0'
DX_FLAG_ps='0'
DX_FLAG_rtf='0'
DX_FLAG_xml='0'
DX_HHC=''
DX_LATEX=''
DX_MAKEINDEX=''
DX_PDFLATEX=''
DX_PERL='/usr/bin/perl'
DX_PROJECT='MPIBlib'
ECHO_C=''
ECHO_N='-n'
ECHO_T=''
EGREP='/bin/grep -E'
EXEEXT=''
FGREP='/bin/grep -F'
GREP='/bin/grep'
INSTALL_DATA='${INSTALL} -m 644'
INSTALL_PROGRAM='${INSTALL}'
INSTALL_SCRIPT='${INSTALL}'
INSTALL_STRIP_PROGRAM='$(install_sh) -c -s'
LD='/usr/bin/ld -m elf_x86_64'
LDFLAGS=''
LIBOBJS=''
LIBS='-lboost_graph -lgsl -lgslcblas -ldl -lm '
LIBTOOL='$(SHELL) $(top_builddir)/libtool'
LIPO=''
LN_S='ln -s'
LTLIBOBJS=''
LT_SYS_LIBRARY_PATH=''
MAKEINFO='${SHELL} /home/sergio/params_sergio/mpiblib-1.2.0/build-aux/missing makeinfo'
MANIFEST_TOOL=':'
MKDIR_P='/bin/mkdir -p'
NM='/usr/bin/nm -B'
NMEDIT=''
OBJDUMP='objdump'
OBJEXT='o'
OTOOL64=''
OTOOL=''
PACKAGE='mpiblib'
PACKAGE_BUGREPORT='http://hcl.ucd.ie/project/MPIBlib'
PACKAGE_NAME='MPIBlib'
PACKAGE_STRING='MPIBlib 1.2.0'
PACKAGE_TARNAME='mpiblib'
PACKAGE_URL=''
PACKAGE_VERSION='1.2.0'
PATH_SEPARATOR=':'
RANLIB='ranlib'
SED='/bin/sed'
SET_MAKE=''
SHELL='/bin/bash'
STRIP='strip'
VERSION='1.2.0'
ac_ct_AR='ar'
ac_ct_CC='mpicc'
ac_ct_CXX='mpic++'
ac_ct_DUMPBIN=''
am__EXEEXT_FALSE=''
am__EXEEXT_TRUE='#'
am__fastdepCC_FALSE='#'
am__fastdepCC_TRUE=''
am__fastdepCXX_FALSE='#'
am__fastdepCXX_TRUE=''
am__include='include'
am__isrc=''
am__leading_dot='.'
am__nodep='_no'
am__quote=''
am__tar='$${TAR-tar} chof - "$$tardir"'
am__untar='$${TAR-tar} xf -'
bindir='${exec_prefix}/bin'
build='x86_64-unknown-linux-gnu'
build_alias=''
build_cpu='x86_64'
build_os='linux-gnu'
build_vendor='unknown'
datadir='${datarootdir}'
datarootdir='${prefix}/share'
docdir='${datarootdir}/doc/${PACKAGE_TARNAME}'
dvidir='${docdir}'
exec_prefix='${prefix}'
host='x86_64-unknown-linux-gnu'
host_alias=''
host_cpu='x86_64'
host_os='linux-gnu'
host_vendor='unknown'
htmldir='${docdir}'
includedir='${prefix}/include'
infodir='${datarootdir}/info'
install_sh='${SHELL} /home/sergio/params_sergio/mpiblib-1.2.0/build-aux/install-sh'
libdir='${exec_prefix}/lib'
libexecdir='${exec_prefix}/libexec'
localedir='${datarootdir}/locale'
localstatedir='${prefix}/var'
mandir='${datarootdir}/man'
mkdir_p='$(MKDIR_P)'
oldincludedir='/usr/include'
pdfdir='${docdir}'
prefix='/usr/local'
program_transform_name='s,x,x,'
psdir='${docdir}'
runstatedir='${localstatedir}/run'
sbindir='${exec_prefix}/sbin'
sharedstatedir='${prefix}/com'
sysconfdir='${prefix}/etc'
target_alias=''

## ----------- ##
## confdefs.h. ##
## ----------- ##

/* confdefs.h */
#define PACKAGE_NAME "MPIBlib"
#define PACKAGE_TARNAME "mpiblib"
#define PACKAGE_VERSION "1.2.0"
#define PACKAGE_STRING "MPIBlib 1.2.0"
#define PACKAGE_BUGREPORT "http://hcl.ucd.ie/project/MPIBlib"
#define PACKAGE_URL ""
#define PACKAGE "mpiblib"
#define VERSION "1.2.0"
#define STDC_HEADERS 1
#define HAVE_SYS_TYPES_H 1
#define HAVE_SYS_STAT_H 1
#define HAVE_STDLIB_H 1
#define HAVE_STRING_H 1
#define HAVE_MEMORY_H 1
#define HAVE_STRINGS_H 1
#define HAVE_INTTYPES_H 1
#define HAVE_STDINT_H 1
#define HAVE_UNISTD_H 1
#define HAVE_DLFCN_H 1
#define LT_OBJDIR ".libs/"
#define HAVE_LIBM 1
#define HAVE_LIBDL 1
#define _GNU_SOURCE 1
#define HAVE_LIBGSLCBLAS 1
#define HAVE_LIBGSL 1
#define HAVE_LIBBOOST_GRAPH 1

configure: exit 0
